This file contains any messages produced by compilers while
running configure, to aid debugging if configure makes a mistake.

It was created by configure, which was
generated by GNU Autoconf 2.69.  Invocation command line was

  $ ./configure --with-xemacs=sxemacs --no-create --no-recursion

## --------- ##
## Platform. ##
## --------- ##

hostname = pinky
uname -m = armv5tel
uname -r = 3.1.10-11-ARCH
uname -s = Linux
uname -v = #1 PREEMPT Mon May 21 05:59:32 UTC 2012

/usr/bin/uname -p = unknown
/bin/uname -X     = unknown

/bin/arch              = unknown
/usr/bin/arch -k       = unknown
/usr/convex/getsysinfo = unknown
/usr/bin/hostinfo      = unknown
/bin/machine           = unknown
/usr/bin/oslevel       = unknown
/bin/universe          = unknown

PATH: /opt/bin
PATH: /opt/local/bin
PATH: /usr/local/bin
PATH: /usr/bin
PATH: /bin
PATH: /usr/local/sbin
PATH: /usr/sbin
PATH: /sbin
PATH: /usr/bin/core_perl
PATH: /opt/home/papo/bin
PATH: /opt/home/papo/2012/bin/armv5tel-linux


## ----------- ##
## Core tests. ##
## ----------- ##

configure:1751: checking for a BSD-compatible install
configure:1816: result: /usr/bin/install -c
configure:1860: checking for texi2html
configure:1885: result: echo Cannot create html version of
configure:1895: checking for xemacs
configure:1920: result: sxemacs
configure:1930: checking for makeinfo
configure:1944: found /usr/bin/makeinfo
configure:1955: result: makeinfo
configure:1965: checking for install-info
configure:1979: found /usr/bin/install-info
configure:1990: result: install-info
configure:2019: checking if sxemacs is really XEmacs
sxemacs -batch -eval (let ((x (if (string-match "XEmacs" emacs-version) "yes" "no") )) (write-region (if (stringp x) (princ x) (prin1-to-string x)) nil "./conftest-16758"))
=> yes
configure:2049: result: yes
configure:2055: checking prefix for your Emacs
sxemacs -batch -eval (let ((x (expand-file-name ".." invocation-directory))) (write-region (if (stringp x) (princ x) (prin1-to-string x)) nil "./conftest-16758"))
=> /opt/home/papo
configure:2081: result: /opt/home/papo
configure:2090: checking where .elc files should go
configure:2106: result: $(prefix)/share/xemacs/site-lisp
configure:2112: checking for emacs version
sxemacs -batch -eval (let ((x (and (boundp 'emacs-major-version) (format "%d.%d" emacs-major-version emacs-minor-version)))) (write-region (if (stringp x) (princ x) (prin1-to-string x)) nil "./conftest-16758"))
=> 22.1
configure:2140: result: 22.1
configure:2144: checking for recent gnus version
sxemacs -batch -eval (let ((x (progn (fmakunbound 'mm-get-content-id) (condition-case nil (progn (require 'mm-decode) (fboundp 'mm-get-content-id)) (error (prog1 nil (message "mm-decode not found"))))))) (write-region (if (stringp x) (princ x) (prin1-to-string x)) nil "./conftest-16758"))
=> t
sxemacs -batch -eval (let ((x (file-name-directory (locate-library "mm-decode")))) (write-region (if (stringp x) (princ x) (prin1-to-string x)) nil "./conftest-16758"))
=> /opt/home/papo/share/sxemacs/xemacs-packages/lisp/gnus/
configure:2232: result: "/opt/home/papo/share/sxemacs/xemacs-packages/lisp/gnus/"
configure:2236: checking how to rebuild custom autoloads
sxemacs -batch -eval (let ((x (progn (fmakunbound 'Custom-make-dependencies) (condition-case nil (progn (require 'cus-dep) (fboundp 'Custom-make-dependencies)) (error (prog1 nil (message "cus-dep not found"))))))) (write-region (if (stringp x) (princ x) (prin1-to-string x)) nil "./conftest-16758"))
=> t
configure:2290: result: "-l cus-dep -f Custom-make-dependencies $(srcdir)"
configure:2384: creating ./config.status
configure:3398: result: " "
configure:3400: result: "Sucessfully configured URL package"
configure:3406: result: "URL will be compiled with:    sxemacs"
configure:3408: result: " "
configure:3410: result: "To finish building type \'make\' now."
configure:3412: result: "To install type \'make install\'."

## ---------------- ##
## Cache variables. ##
## ---------------- ##

EMACS_cv_ACCEPTABLE_GNUS=/opt/home/papo/share/sxemacs/xemacs-packages/lisp/gnus/
EMACS_cv_REBUILD_CUSTOMLOADS=yes
EMACS_cv_SYS_cus_dep=yes
EMACS_cv_SYS_gnus_dir=/opt/home/papo/share/sxemacs/xemacs-packages/lisp/gnus/
EMACS_cv_SYS_mm_decode=yes
EMACS_cv_SYS_prefix=/opt/home/papo
EMACS_cv_SYS_version=22.1
EMACS_cv_SYS_xemacsp=yes
ac_cv_env_build_alias_set=
ac_cv_env_build_alias_value=
ac_cv_env_host_alias_set=
ac_cv_env_host_alias_value=
ac_cv_env_target_alias_set=
ac_cv_env_target_alias_value=
ac_cv_path_install='/usr/bin/install -c'
ac_cv_prog_EMACS=sxemacs
ac_cv_prog_INSTALLINFO=install-info
ac_cv_prog_MAKEINFO=makeinfo
ac_cv_prog_TEXI2HTML='echo Cannot create html version of'

## ----------------- ##
## Output variables. ##
## ----------------- ##

DEFS='-DPACKAGE_NAME=\"\" -DPACKAGE_TARNAME=\"\" -DPACKAGE_VERSION=\"\" -DPACKAGE_STRING=\"\" -DPACKAGE_BUGREPORT=\"\" -DPACKAGE_URL=\"\"'
DOTEMACS='/opt/home/papo/.emacs'
ECHO_C=''
ECHO_N='-n'
ECHO_T=''
EMACS='sxemacs'
EMACS_FLAVOR='xemacs'
EMACS_PACKAGE_DIR=''
EMACS_VERSION='22.1'
GNUS='/opt/home/papo/share/sxemacs/xemacs-packages/lisp/gnus/'
HAVE_cus_dep='yes'
HAVE_mm_decode='yes'
INSTALL='/usr/bin/install -c'
INSTALLINFO='install-info'
INSTALL_DATA='${INSTALL} -m 644'
INSTALL_PROGRAM='${INSTALL}'
INSTALL_SCRIPT='${INSTALL}'
LIBOBJS=''
LIBS=''
LTLIBOBJS=''
MAKEINFO='makeinfo'
PACKAGE_BUGREPORT=''
PACKAGE_NAME=''
PACKAGE_STRING=''
PACKAGE_TARNAME=''
PACKAGE_URL=''
PACKAGE_VERSION=''
PATH_SEPARATOR=':'
REBUILD_CUSTOMLOADS='-l cus-dep -f Custom-make-dependencies $(srcdir)'
SHELL='/bin/sh'
TEXI2HTML='echo Cannot create html version of'
TEXI2HTML_FLAGS=''
XEMACS='yes'
bindir='${exec_prefix}/bin'
build_alias=''
datadir='${datarootdir}'
datarootdir='${prefix}/share'
docdir='${datarootdir}/doc/${PACKAGE}'
dvidir='${docdir}'
exec_prefix='${prefix}'
host_alias=''
htmldir='${docdir}'
includedir='${prefix}/include'
infodir='${datarootdir}/info'
libdir='${exec_prefix}/lib'
libexecdir='${exec_prefix}/libexec'
lispdir='$(prefix)/share/xemacs/site-lisp'
localedir='${datarootdir}/locale'
localstatedir='${prefix}/var'
mandir='${datarootdir}/man'
oldincludedir='/usr/include'
pdfdir='${docdir}'
prefix='/opt/home/papo'
program_transform_name='s,x,x,'
psdir='${docdir}'
sbindir='${exec_prefix}/sbin'
sharedstatedir='${prefix}/com'
sysconfdir='${prefix}/etc'
target_alias=''

## ----------- ##
## confdefs.h. ##
## ----------- ##

/* confdefs.h */
#define PACKAGE_NAME ""
#define PACKAGE_TARNAME ""
#define PACKAGE_VERSION ""
#define PACKAGE_STRING ""
#define PACKAGE_BUGREPORT ""
#define PACKAGE_URL ""

configure: exit 0

## ---------------------- ##
## Running config.status. ##
## ---------------------- ##

This file was extended by config.status, which was
generated by GNU Autoconf 2.69.  Invocation command line was

  CONFIG_FILES    = Makefile
  CONFIG_HEADERS  = 
  CONFIG_LINKS    = 
  CONFIG_COMMANDS = 
  $ ./config.status 

on pinky

config.status:733: creating Makefile
config.status:836: WARNING:  'Makefile.in' seems to ignore the --datarootdir setting

## ---------------------- ##
## Running config.status. ##
## ---------------------- ##

This file was extended by config.status, which was
generated by GNU Autoconf 2.69.  Invocation command line was

  CONFIG_FILES    = lisp/Makefile
  CONFIG_HEADERS  = 
  CONFIG_LINKS    = 
  CONFIG_COMMANDS = 
  $ ./config.status 

on pinky

config.status:733: creating lisp/Makefile
config.status:836: WARNING:  'lisp/Makefile.in' seems to ignore the --datarootdir setting

## ---------------------- ##
## Running config.status. ##
## ---------------------- ##

This file was extended by config.status, which was
generated by GNU Autoconf 2.69.  Invocation command line was

  CONFIG_FILES    = texi/Makefile
  CONFIG_HEADERS  = 
  CONFIG_LINKS    = 
  CONFIG_COMMANDS = 
  $ ./config.status 

on pinky

config.status:733: creating texi/Makefile
config.status:836: WARNING:  'texi/Makefile.in' seems to ignore the --datarootdir setting
