This file contains any messages produced by compilers while
running configure, to aid debugging if configure makes a mistake.

It was created by configure, which was
generated by GNU Autoconf 2.59.  Invocation command line was

  $ ./configure --with-xemacs=sxemacs

## --------- ##
## Platform. ##
## --------- ##

hostname = pinky
uname -m = armv5tel
uname -r = 3.1.10-11-ARCH
uname -s = Linux
uname -v = #1 PREEMPT Mon May 21 05:59:32 UTC 2012

/usr/bin/uname -p = unknown
/bin/uname -X     = unknown

/bin/arch              = unknown
/usr/bin/arch -k       = unknown
/usr/convex/getsysinfo = unknown
hostinfo               = unknown
/bin/machine           = unknown
/usr/bin/oslevel       = unknown
/bin/universe          = unknown

PATH: /opt/bin
PATH: /opt/bin
PATH: /opt/local/bin
PATH: /usr/local/bin
PATH: /usr/bin
PATH: /bin
PATH: /usr/local/sbin
PATH: /usr/sbin
PATH: /sbin
PATH: /usr/bin/core_perl
PATH: /opt/home/papo/bin
PATH: /opt/home/papo/2012/bin/armv5tel-linux


## ----------- ##
## Core tests. ##
## ----------- ##

configure:1233: checking whether make sets $(MAKE)
configure:1253: result: yes
configure:1300: checking for a BSD-compatible install
configure:1355: result: /usr/bin/install -c
configure:1368: checking for makeinfo
configure:1384: found /usr/bin/makeinfo
configure:1395: result: makeinfo
configure:1404: checking for texi2dvi
configure:1420: found /usr/bin/texi2dvi
configure:1431: result: texi2dvi
configure:1440: checking for ptex
configure:1456: found /opt/home/papo/2012/bin/armv5tel-linux/ptex
configure:1467: result: ptex
configure:1476: checking for jbibtex
configure:1503: result: false
configure:1514: checking for egrep
configure:1530: found /usr/bin/egrep
configure:1540: result: egrep
configure:1696: checking for sxemacs
configure:1727: result: sxemacs
configure:1790: checking what a flavor does sxemacs have
sxemacs -vanilla -batch -eval '(let ((x (cond ((featurep (quote xemacs)) "XEmacs")          ((and (boundp (quote emacs-major-version))                (>= emacs-major-version 21))           (format "Emacs %d" emacs-major-version))          ((boundp (quote MULE)) "MULE")          (t "Emacs")))) (write-region (if (stringp x) (princ x) (prin1-to-string x)) nil "./conftest-13280" nil 5))'
XEmacs
=> XEmacs
configure:1833: result: XEmacs
configure:1842: checking prefix for sxemacs
sxemacs -vanilla -batch -eval '(let ((x (expand-file-name ".." invocation-directory))) (write-region (if (stringp x) (princ x) (prin1-to-string x)) nil "./conftest-13280" nil 5))'
/opt/home/papo
=> /opt/home/papo
configure:1871: result: /opt/home/papo
configure:1880: checking where lisp files should go
configure:1898: result: $(prefix)/share/xemacs/site-lisp/w3m/
         (it will be ignored when "make install-package" is done)
configure:1907: checking where the XEmacs package is
sxemacs -vanilla -batch -eval '(let ((x (let ((prefix "/opt/home/papo")	  (dirs (append		 (if (and (boundp (quote configure-package-path))			  (listp configure-package-path))		     (delete "" configure-package-path))		 (if (boundp (quote early-packages))		     (append (if early-package-load-path early-packages)			     (if late-package-load-path late-packages)			     (if last-package-load-path last-packages)))))	  package-dir)      (while (and dirs (not package-dir))	(if (file-directory-p (car dirs))	    (setq package-dir (car dirs)		  dirs (cdr dirs))))      (if package-dir	  (progn	    (if (string-match "/$" package-dir)		(setq package-dir (substring package-dir 0					     (match-beginning 0))))	    (if (and prefix		     (progn		       (setq prefix (file-name-as-directory prefix))		       (eq 0 (string-match (regexp-quote prefix)					   package-dir))))		(replace-match "$(prefix)/" nil nil package-dir)	      package-dir))	"NONE")))) (write-region (if (stringp x) (princ x) (prin1-to-string x)) nil "./conftest-13280" nil 5))'
$(prefix)/share/sxemacs/mule-packages
=> $(prefix)/share/sxemacs/mule-packages
configure:2027: result: $(prefix)/share/sxemacs/mule-packages
configure:2044: checking where icon files should go
sxemacs -vanilla -batch -eval '(let ((x (let ((prefix "/opt/home/papo")	      (default (expand-file-name "images/w3m" data-directory)))	  (if (and prefix		   (progn		     (setq prefix (file-name-as-directory prefix))		     (eq 0 (string-match (regexp-quote prefix) default))))	      (replace-match "$(prefix)/" nil nil default)	    default)))) (write-region (if (stringp x) (princ x) (prin1-to-string x)) nil "./conftest-13280" nil 5))'
$(prefix)/share/sxemacs-22.1.15/etc/images/w3m
=> $(prefix)/share/sxemacs-22.1.15/etc/images/w3m
configure:2084: result: $(prefix)/share/sxemacs-22.1.15/etc/images/w3m/
         (it will be ignored when "make install-package" is done)
configure:2134: checking for regexp-opt
configure:2138: result: /opt/home/papo/share/sxemacs/xemacs-packages/lisp/xemacs-base/regexp-opt.elc
configure:2297: creating ./config.status

## ---------------------- ##
## Running config.status. ##
## ---------------------- ##

This file was extended by config.status, which was
generated by GNU Autoconf 2.59.  Invocation command line was

  CONFIG_FILES    = 
  CONFIG_HEADERS  = 
  CONFIG_LINKS    = 
  CONFIG_COMMANDS = 
  $ ./config.status 

on pinky

config.status:645: creating Makefile
config.status:645: creating doc/Makefile

## ---------------- ##
## Cache variables. ##
## ---------------- ##

EMACS_cv_SYS_PACKAGEDIR='$(prefix)/share/sxemacs/mule-packages'
EMACS_cv_SYS_flavor=XEmacs
EMACS_cv_SYS_icondir='$(prefix)/share/sxemacs-22.1.15/etc/images/w3m'
EMACS_cv_SYS_prefix=/opt/home/papo
ac_cv_env_build_alias_set=
ac_cv_env_build_alias_value=
ac_cv_env_host_alias_set=
ac_cv_env_host_alias_value=
ac_cv_env_target_alias_set=
ac_cv_env_target_alias_value=
ac_cv_path_EMACS=sxemacs
ac_cv_path_install='/usr/bin/install -c'
ac_cv_prog_EGREP=egrep
ac_cv_prog_JBIBTEX=false
ac_cv_prog_MAKEINFO=makeinfo
ac_cv_prog_PTEX=ptex
ac_cv_prog_TEXI2DVI=texi2dvi
ac_cv_prog_make_make_set=yes

## ----------------- ##
## Output variables. ##
## ----------------- ##

ADDITIONAL_LOAD_PATH='NONE'
DEFS='-DPACKAGE_NAME=\"\" -DPACKAGE_TARNAME=\"\" -DPACKAGE_VERSION=\"\" -DPACKAGE_STRING=\"\" -DPACKAGE_BUGREPORT=\"\" '
ECHO_C=''
ECHO_N='-n'
ECHO_T=''
EGREP='egrep'
EMACS='sxemacs'
ICONDIR='$(prefix)/share/sxemacs-22.1.15/etc/images/w3m'
INSTALL_DATA='${INSTALL} -m 644'
INSTALL_PROGRAM='${INSTALL}'
INSTALL_SCRIPT='${INSTALL}'
JBIBTEX='false'
LIBOBJS=''
LIBS=''
LTLIBOBJS=''
MAKEINFO='makeinfo'
PACKAGEDIR='$(prefix)/share/sxemacs/mule-packages'
PACKAGE_BUGREPORT=''
PACKAGE_NAME=''
PACKAGE_STRING=''
PACKAGE_TARNAME=''
PACKAGE_VERSION=''
PATH_SEPARATOR=':'
PTEX='ptex'
SET_MAKE=''
SHELL='/bin/sh'
TEXI2DVI='texi2dvi'
VANILLA_FLAG='-vanilla'
bindir='${exec_prefix}/bin'
build_alias=''
datadir='${prefix}/share'
exec_prefix='${prefix}'
host_alias=''
includedir='${prefix}/include'
infodir='${prefix}/info'
libdir='${exec_prefix}/lib'
libexecdir='${exec_prefix}/libexec'
lispdir='$(prefix)/share/xemacs/site-lisp/w3m'
localstatedir='${prefix}/var'
mandir='${prefix}/man'
oldincludedir='/usr/include'
prefix='/opt/home/papo'
program_transform_name='s,x,x,'
sbindir='${exec_prefix}/sbin'
sharedstatedir='${prefix}/com'
sysconfdir='${prefix}/etc'
target_alias=''

## ----------- ##
## confdefs.h. ##
## ----------- ##

#define PACKAGE_BUGREPORT ""
#define PACKAGE_NAME ""
#define PACKAGE_STRING ""
#define PACKAGE_TARNAME ""
#define PACKAGE_VERSION ""

configure: exit 0
